Arguments: 
  /home/henriqueyun/.nvm/versions/node/v18.16.0/bin/node /home/henriqueyun/.nvm/versions/node/v18.16.0/bin/yarn workspace backend-pizzaria docker compose up -d

PATH: 
  /home/henriqueyun/.nvm/versions/node/v18.16.0/bin:/usr/local/sbin:/usr/local/bin:/usr/sbin:/usr/bin:/sbin:/bin:/usr/games:/usr/local/games:/snap/bin

Yarn version: 
  1.22.19

Node version: 
  18.16.0

Platform: 
  linux x64

Trace: 
  SyntaxError: /home/henriqueyun/workspace/pizzaria-monorepo/backend-pizzaria/package.json: Unexpected token } in JSON at position 277
      at JSON.parse (<anonymous>)
      at /home/henriqueyun/.nvm/versions/node/v18.16.0/lib/node_modules/yarn/lib/cli.js:1629:59
      at Generator.next (<anonymous>)
      at step (/home/henriqueyun/.nvm/versions/node/v18.16.0/lib/node_modules/yarn/lib/cli.js:310:30)
      at /home/henriqueyun/.nvm/versions/node/v18.16.0/lib/node_modules/yarn/lib/cli.js:321:13

npm manifest: 
  {
    "name": "backend-pizzaria",
    "version": "1.0.0",
    "description": "",
    "main": "index.js",
    "scripts": {
      "test": "npx mocha --experimental-modules tests/main.test.mjs --exit",
      "dev": "nodemon -r dotenv/config src/index.mjs",
      "start": "node src/index.mjs",
    },
    "keywords": [],
    "author": "",
    "license": "ISC",
    "dependencies": {
      "axios": "^0.27.2",
      "cors": "^2.8.5",
      "dotenv": "^16.0.0",
      "express": "^4.17.3",
      "form-data": "^4.0.0",
      "jsonwebtoken": "^8.5.1",
      "mysql2": "^2.3.3",
      "pino": "^7.8.1",
      "sequelize": "^6.17.0"
    },
    "devDependencies": {
      "chai": "^4.3.6",
      "chai-http": "^4.3.0",
      "mocha": "^10.0.0",
      "nodemon": "^2.0.15"
    }
  }

yarn manifest: 
  No manifest

Lockfile: 
  No lockfile
